<?xml version="1.0" encoding="UTF-8"?>
<testsuite xmlns:xsi="http://www.w3.org/2001/XMLSchema-instance" xsi:noNamespaceSchemaLocation="https://maven.apache.org/surefire/maven-surefire-plugin/xsd/surefire-test-report-3.0.xsd" version="3.0" name="staffTesting.AddRemoveRolesTest" time="0.004" tests="11" errors="0" skipped="0" failures="0">
  <properties>
[...]
</properties>
  <testcase name="testBvt_DuplicateAdd" classname="staffTesting.AddRemoveRolesTest" time="0.001">
    <system-out><![CDATA[
======================================
 Setting up AddRemoveRolesTest...
PASS: testBvt_DuplicateAdd -> duplicate add
]]></system-out>
  </testcase>
  <testcase name="testCt_UnauthorizedRole" classname="staffTesting.AddRemoveRolesTest" time="0.0">
    <system-out><![CDATA[
======================================
 Setting up AddRemoveRolesTest...
PASS: testCt_UnauthorizedRole.
]]></system-out>
  </testcase>
  <testcase name="testBvt_AdminRemoveRole_Success" classname="staffTesting.AddRemoveRolesTest" time="0.0">
    <system-out><![CDATA[
======================================
 Setting up AddRemoveRolesTest...
PASS: testBvt_AdminRemoveRole_Success -> role removed.
]]></system-out>
  </testcase>
  <testcase name="testBvt_NoRoleSelected" classname="staffTesting.AddRemoveRolesTest" time="0.001">
    <system-out><![CDATA[
======================================
 Setting up AddRemoveRolesTest...
PASS: testBvt_NoRoleSelected -> validation blocked action
]]></system-out>
  </testcase>
  <testcase name="testBvt_NonAdmin_NoPermission" classname="staffTesting.AddRemoveRolesTest" time="0.0">
    <system-out><![CDATA[
======================================
 Setting up AddRemoveRolesTest...
PASS: testBvt_NonAdmin_NoPermission -> no change made.
]]></system-out>
  </testcase>
  <testcase name="testCt_DuplicateBranches" classname="staffTesting.AddRemoveRolesTest" time="0.0">
    <system-out><![CDATA[
======================================
 Setting up AddRemoveRolesTest...
PASS: testCt_DuplicateBranches.
]]></system-out>
  </testcase>
  <testcase name="testCt_AuthorizedAddRole" classname="staffTesting.AddRemoveRolesTest" time="0.001">
    <system-out><![CDATA[
======================================
 Setting up AddRemoveRolesTest...
PASS: testCt_AuthorizedAddRole
]]></system-out>
  </testcase>
  <testcase name="testCt_AuthorizedRemoveRole" classname="staffTesting.AddRemoveRolesTest" time="0.0">
    <system-out><![CDATA[
======================================
 Setting up AddRemoveRolesTest...
PASS: testCt_AuthorizedRemoveRole.
]]></system-out>
  </testcase>
  <testcase name="testBvt_AdminCannotRemoveOwnAdminRole" classname="staffTesting.AddRemoveRolesTest" time="0.0">
    <system-out><![CDATA[
======================================
 Setting up AddRemoveRolesTest...
PASS: testBvt_AdminCannotRemoveOwnAdminRole -> admin cannot remove self-admin role.
]]></system-out>
  </testcase>
  <testcase name="testBvt_AdminAddRole_Success" classname="staffTesting.AddRemoveRolesTest" time="0.0">
    <system-out><![CDATA[
======================================
 Setting up AddRemoveRolesTest...
PASS: testBvt_AdminAddRole_Success -> role added.
]]></system-out>
  </testcase>
  <testcase name="testBvt_RemoveNonExistingRole" classname="staffTesting.AddRemoveRolesTest" time="0.0">
    <system-out><![CDATA[
======================================
 Setting up AddRemoveRolesTest...
PASS: testBvt_RemoveNonExistingRole -> no change
]]></system-out>
  </testcase>
</testsuite>